{"logTime": "1101/144412", "correlationVector":"MrUIuJZo5DyLpGU/xh4tqa.0","action":"FeedSettingFetch_homeCloud", "result":"0", "context":{}}
{"logTime": "1101/144412", "correlationVector":"MrUIuJZo5DyLpGU/xh4tqa.0","action":"SyncServerConnectionManagerRequest", "result":"SYNC_SERVER_OK", "context":{"environment":"", "migrationStage":"", "server":""}}
{"logTime": "1101/144412", "correlationVector":"Ts/+cnW5Qn1iLvt6/p4fzB.1","action":"SyncServerConnectionManagerRequest", "result":"SYNC_SERVER_OK", "context":{"environment":"Prod_SoutheastAsia_000j", "migrationStage":"NotStarted", "server":"GENERAL0100000T"}}
{"logTime": "1101/144412", "correlationVector":"Ts/+cnW5Qn1iLvt6/p4fzB","action":"Initial GetUpdates", "result":"", "context":Reason: NEW_CLIENT. cV=Ts/+cnW5Qn1iLvt6/p4fzB}
{"logTime": "1101/144412", "correlationVector":"Ts/+cnW5Qn1iLvt6/p4fzB.2","action":"GetUpdates Response", "result":"SYNCER_OK", "context":Received 1 update(s). cV=Ts/+cnW5Qn1iLvt6/p4fzB.0;server=GENERAL0100000T;cloudType=Consumer;environment=Prod_SoutheastAsia_000j;migrationStage=NotStarted}
{"logTime": "1101/144413", "correlationVector":"MUDIkM6wYY9db3qgfTqwBC","action":"Initial GetUpdates", "result":"", "context":Reason: NEW_CLIENT. cV=MUDIkM6wYY9db3qgfTqwBC}
{"logTime": "1101/144413", "correlationVector":"MUDIkM6wYY9db3qgfTqwBC.1","action":"SyncServerConnectionManagerRequest", "result":"SYNC_SERVER_OK", "context":{"environment":"Prod_SoutheastAsia_000j", "migrationStage":"NotStarted", "server":"GENERAL0100001K"}}
{"logTime": "1101/144413", "correlationVector":"MUDIkM6wYY9db3qgfTqwBC.2","action":"GetUpdates Response", "result":"SYNCER_OK", "context":Received 4 update(s). cV=MUDIkM6wYY9db3qgfTqwBC.0;server=GENERAL0100001K;cloudType=Consumer;environment=Prod_SoutheastAsia_000j;migrationStage=NotStarted}
{"logTime": "1101/144413", "correlationVector":"woB2wNxFoZ28LR+48JDB9y","action":"Normal GetUpdate request", "result":"", "context":cV=woB2wNxFoZ28LR+48JDB9y
Nudged types: Device Info, User Consents
Refresh requested types: Device Info, User Consents, Send Tab To Self, Encryption Keys}
{"logTime": "1101/144413", "correlationVector":"woB2wNxFoZ28LR+48JDB9y.1","action":"SyncServerConnectionManagerRequest", "result":"SYNC_SERVER_OK", "context":{"environment":"Prod_SoutheastAsia_000j", "migrationStage":"NotStarted", "server":"GENERAL0100000C"}}
{"logTime": "1101/144413", "correlationVector":"woB2wNxFoZ28LR+48JDB9y.2","action":"GetUpdates Response", "result":"SYNCER_OK", "context":Received 0 update(s). cV=woB2wNxFoZ28LR+48JDB9y.0;server=GENERAL0100000C;cloudType=Consumer;environment=Prod_SoutheastAsia_000j;migrationStage=NotStarted}
{"logTime": "1101/144413", "correlationVector":"Yf6MY6YrolHQbpvbhWn4cg","action":"Commit Request", "result":"", "context":Item count: 1
Contributing types: Device Info}
{"logTime": "1101/144414", "correlationVector":"Yf6MY6YrolHQbpvbhWn4cg.1","action":"SyncServerConnectionManagerRequest", "result":"SYNC_SERVER_OK", "context":{"environment":"Prod_SoutheastAsia_000j", "migrationStage":"NotStarted", "server":"GENERAL0100000K"}}
{"logTime": "1101/144414", "correlationVector":"Yf6MY6YrolHQbpvbhWn4cg.2","action":"Commit Response", "result":"SYNCER_OK", "context":Result: SYNCER_OK. cV=Yf6MY6YrolHQbpvbhWn4cg.0;server=GENERAL0100000K;cloudType=Consumer;environment=Prod_SoutheastAsia_000j;migrationStage=NotStarted}
{"logTime": "1101/144414", "correlationVector":"MWPn64XI6JEH+y/EuK9bhK","action":"Commit Request", "result":"", "context":Item count: 2
Contributing types: User Consents}
{"logTime": "1101/144414", "correlationVector":"MWPn64XI6JEH+y/EuK9bhK.1","action":"SyncServerConnectionManagerRequest", "result":"SYNC_SERVER_OK", "context":{"environment":"Prod_SoutheastAsia_000j", "migrationStage":"NotStarted", "server":"GENERAL01000000"}}
{"logTime": "1101/144415", "correlationVector":"MWPn64XI6JEH+y/EuK9bhK.2","action":"Commit Response", "result":"SYNCER_OK", "context":Result: SYNCER_OK. cV=MWPn64XI6JEH+y/EuK9bhK.0;server=GENERAL01000000;cloudType=Consumer;environment=Prod_SoutheastAsia_000j;migrationStage=NotStarted}
{"logTime": "1101/144415", "correlationVector":"rdwJsCkZtNrHJLeBRkChjG","action":"Normal GetUpdate request", "result":"", "context":cV=rdwJsCkZtNrHJLeBRkChjG
Nudged types: Device Info}
{"logTime": "1101/144415", "correlationVector":"rdwJsCkZtNrHJLeBRkChjG.1","action":"SyncServerConnectionManagerRequest", "result":"SYNC_SERVER_OK", "context":{"environment":"Prod_SoutheastAsia_000j", "migrationStage":"NotStarted", "server":"GENERAL0100000E"}}
{"logTime": "1101/144415", "correlationVector":"rdwJsCkZtNrHJLeBRkChjG.2","action":"GetUpdates Response", "result":"SYNCER_OK", "context":Received 1 update(s). cV=rdwJsCkZtNrHJLeBRkChjG.0;server=GENERAL0100000E;cloudType=Consumer;environment=Prod_SoutheastAsia_000j;migrationStage=NotStarted}
{"logTime": "1101/145522", "correlationVector":"tO7rwT+sZAp3Jmuxpy4Bb1.0","action":"FeedSettingFetch_homeCloud", "result":"0", "context":{}}
{"logTime": "1101/145522", "correlationVector":"eJEPhVhEA/8UTe4/gLnerS.1","action":"SyncServerConnectionManagerRequest", "result":"SYNC_SERVER_OK", "context":{"environment":"Prod_SoutheastAsia_000j", "migrationStage":"NotStarted", "server":"GENERAL0100000O"}}
{"logTime": "1101/145522", "correlationVector":"eJEPhVhEA/8UTe4/gLnerS","action":"Initial GetUpdates", "result":"", "context":Reason: NEW_CLIENT. cV=eJEPhVhEA/8UTe4/gLnerS}
{"logTime": "1101/145522", "correlationVector":"eJEPhVhEA/8UTe4/gLnerS.2","action":"GetUpdates Response", "result":"SYNCER_OK", "context":Received 1 update(s). cV=eJEPhVhEA/8UTe4/gLnerS.0;server=GENERAL0100000O;cloudType=Consumer;environment=Prod_SoutheastAsia_000j;migrationStage=NotStarted}
{"logTime": "1101/145522", "correlationVector":"QDQyhJcF62PGICOZPHyHeg","action":"SyncServerConnectionManagerRequest", "result":"SYNC_SERVER_OK", "context":{"environment":"", "migrationStage":"", "server":""}}
{"logTime": "1101/145522", "correlationVector":"E5bje9azhjNUFYOz1irdND","action":"Normal GetUpdate request", "result":"", "context":cV=E5bje9azhjNUFYOz1irdND
Nudged types: User Consents
Refresh requested types: Device Info, User Consents, Send Tab To Self, Encryption Keys}
{"logTime": "1101/145522", "correlationVector":"E5bje9azhjNUFYOz1irdND.1","action":"SyncServerConnectionManagerRequest", "result":"SYNC_SERVER_OK", "context":{"environment":"Prod_SoutheastAsia_000j", "migrationStage":"NotStarted", "server":"GENERAL0100000O"}}
{"logTime": "1101/145522", "correlationVector":"E5bje9azhjNUFYOz1irdND.2","action":"GetUpdates Response", "result":"SYNCER_OK", "context":Received 0 update(s). cV=E5bje9azhjNUFYOz1irdND.0;server=GENERAL0100000O;cloudType=Consumer;environment=Prod_SoutheastAsia_000j;migrationStage=NotStarted}
{"logTime": "1101/145522", "correlationVector":"4cDhPAVHs9mpg+2a1H8YNg","action":"Commit Request", "result":"", "context":Item count: 1
Contributing types: User Consents}
{"logTime": "1101/145523", "correlationVector":"4cDhPAVHs9mpg+2a1H8YNg.1","action":"SyncServerConnectionManagerRequest", "result":"SYNC_SERVER_OK", "context":{"environment":"Prod_SoutheastAsia_000j", "migrationStage":"NotStarted", "server":"GENERAL01000009"}}
{"logTime": "1101/145523", "correlationVector":"4cDhPAVHs9mpg+2a1H8YNg.2","action":"Commit Response", "result":"SYNCER_OK", "context":Result: SYNCER_OK. cV=4cDhPAVHs9mpg+2a1H8YNg.0;server=GENERAL01000009;cloudType=Consumer;environment=Prod_SoutheastAsia_000j;migrationStage=NotStarted}
{"logTime": "1101/145523", "correlationVector":"wCihuDbGy8pyYQPeqlIQ1i","action":"Normal GetUpdate request", "result":"", "context":cV=wCihuDbGy8pyYQPeqlIQ1i
Refresh requested types: Device Info, User Consents, Send Tab To Self, Encryption Keys}
{"logTime": "1101/145523", "correlationVector":"wCihuDbGy8pyYQPeqlIQ1i.1","action":"SyncServerConnectionManagerRequest", "result":"SYNC_SERVER_OK", "context":{"environment":"Prod_SoutheastAsia_000j", "migrationStage":"NotStarted", "server":"GENERAL01000003"}}
{"logTime": "1101/145523", "correlationVector":"wCihuDbGy8pyYQPeqlIQ1i.2","action":"GetUpdates Response", "result":"SYNCER_OK", "context":Received 0 update(s). cV=wCihuDbGy8pyYQPeqlIQ1i.0;server=GENERAL01000003;cloudType=Consumer;environment=Prod_SoutheastAsia_000j;migrationStage=NotStarted}
{"logTime": "1101/145523", "correlationVector":"ImTK+ZJExbiff2URSvgFbY","action":"Initial GetUpdates", "result":"", "context":Reason: RECONFIGURATION. cV=ImTK+ZJExbiff2URSvgFbY}
{"logTime": "1101/145524", "correlationVector":"ImTK+ZJExbiff2URSvgFbY.1","action":"SyncServerConnectionManagerRequest", "result":"SYNC_SERVER_OK", "context":{"environment":"Prod_SoutheastAsia_000j", "migrationStage":"NotStarted", "server":"GENERAL0100000K"}}
{"logTime": "1101/145524", "correlationVector":"ImTK+ZJExbiff2URSvgFbY.2","action":"GetUpdates", "result":"DeleteReceived", "context":{"id":"286749cf-b1e5-4b43-b817-b815b6087b7a", "isDeleted:":"true", "version":"1691456668764"}}
{"logTime": "1101/145524", "correlationVector":"ImTK+ZJExbiff2URSvgFbY.3","action":"GetUpdates Response", "result":"SYNCER_OK", "context":Received 75 update(s). cV=ImTK+ZJExbiff2URSvgFbY.0;server=GENERAL0100000K;cloudType=Consumer;environment=Prod_SoutheastAsia_000j;migrationStage=NotStarted}
{"logTime": "1101/145524", "correlationVector":"VUKC4lSD5F4Yz7/wJbVxaM","action":"Initial GetUpdates", "result":"", "context":Reason: RECONFIGURATION. cV=VUKC4lSD5F4Yz7/wJbVxaM}
{"logTime": "1101/145524", "correlationVector":"VUKC4lSD5F4Yz7/wJbVxaM.1","action":"SyncServerConnectionManagerRequest", "result":"SYNC_SERVER_OK", "context":{"environment":"Prod_SoutheastAsia_000j", "migrationStage":"NotStarted", "server":"GENERAL0100000R"}}
{"logTime": "1101/145524", "correlationVector":"VUKC4lSD5F4Yz7/wJbVxaM.2","action":"GetUpdates Response", "result":"SYNCER_OK", "context":Received 8 update(s). cV=VUKC4lSD5F4Yz7/wJbVxaM.0;server=GENERAL0100000R;cloudType=Consumer;environment=Prod_SoutheastAsia_000j;migrationStage=NotStarted}
{"logTime": "1101/145524", "correlationVector":"1590c2mFo3nAJWeNg6D+qA","action":"Initial GetUpdates", "result":"", "context":Reason: RECONFIGURATION. cV=1590c2mFo3nAJWeNg6D+qA}
{"logTime": "1101/145525", "correlationVector":"1590c2mFo3nAJWeNg6D+qA.1","action":"SyncServerConnectionManagerRequest", "result":"SYNC_SERVER_OK", "context":{"environment":"Prod_SoutheastAsia_000j", "migrationStage":"NotStarted", "server":"GENERAL0100000O"}}
{"logTime": "1101/145525", "correlationVector":"1590c2mFo3nAJWeNg6D+qA.2","action":"GetUpdates Response", "result":"SERVER_MORE_TO_DOWNLOAD", "context":Received 250 update(s).  Some updates remain.}
{"logTime": "1101/145525", "correlationVector":"/fpDcFyxVeTkBKlmzLMkuH","action":"Initial GetUpdates", "result":"", "context":Reason: RECONFIGURATION. cV=/fpDcFyxVeTkBKlmzLMkuH}
{"logTime": "1101/145526", "correlationVector":"/fpDcFyxVeTkBKlmzLMkuH.1","action":"SyncServerConnectionManagerRequest", "result":"SYNC_SERVER_OK", "context":{"environment":"Prod_SoutheastAsia_000j", "migrationStage":"NotStarted", "server":"GENERAL0100000U"}}
{"logTime": "1101/145526", "correlationVector":"/fpDcFyxVeTkBKlmzLMkuH.2","action":"GetUpdates Response", "result":"SERVER_MORE_TO_DOWNLOAD", "context":Received 250 update(s).  Some updates remain.}
{"logTime": "1101/145526", "correlationVector":"0V4pTHTy8LrlntEUSiUXxK","action":"Initial GetUpdates", "result":"", "context":Reason: RECONFIGURATION. cV=0V4pTHTy8LrlntEUSiUXxK}
{"logTime": "1101/145526", "correlationVector":"0V4pTHTy8LrlntEUSiUXxK.1","action":"SyncServerConnectionManagerRequest", "result":"SYNC_SERVER_OK", "context":{"environment":"Prod_SoutheastAsia_000j", "migrationStage":"NotStarted", "server":"GENERAL0100000L"}}
{"logTime": "1101/145526", "correlationVector":"0V4pTHTy8LrlntEUSiUXxK.2","action":"GetUpdates", "result":"DeleteReceived", "context":{"id":"bd166ba4-1bb8-4180-bb6a-82eb9f445241", "isDeleted:":"true", "version":"1694401719870"}}
{"logTime": "1101/145526", "correlationVector":"0V4pTHTy8LrlntEUSiUXxK.3","action":"GetUpdates", "result":"DeleteReceived", "context":{"id":"192cbecf-3ecd-4d89-a036-34d4fbac2287", "isDeleted:":"true", "version":"1694401719871"}}
{"logTime": "1101/145526", "correlationVector":"0V4pTHTy8LrlntEUSiUXxK.4","action":"GetUpdates", "result":"DeleteReceived", "context":{"id":"b074fad6-c769-4d68-afe0-5ed4fc89f51f", "isDeleted:":"true", "version":"1694401719872"}}
{"logTime": "1101/145526", "correlationVector":"0V4pTHTy8LrlntEUSiUXxK.5","action":"GetUpdates", "result":"DeleteReceived", "context":{"id":"30b5d2bc-cd7e-4c1c-add4-8aa8ecc8f7b8", "isDeleted:":"true", "version":"1694401719873"}}
{"logTime": "1101/145526", "correlationVector":"0V4pTHTy8LrlntEUSiUXxK.6","action":"GetUpdates", "result":"DeleteReceived", "context":{"id":"e9a7b3b7-8dbf-439a-bb91-9f08a143b801", "isDeleted:":"true", "version":"1694401719874"}}
{"logTime": "1101/145526", "correlationVector":"0V4pTHTy8LrlntEUSiUXxK.7","action":"GetUpdates", "result":"DeleteReceived", "context":{"id":"59ca9210-0b3a-4d41-bce7-c0bdd9385463", "isDeleted:":"true", "version":"1694401719875"}}
{"logTime": "1101/145526", "correlationVector":"0V4pTHTy8LrlntEUSiUXxK.8","action":"GetUpdates", "result":"DeleteReceived", "context":{"id":"6d27478d-bdb2-4119-bb5a-b4d88eff4d70", "isDeleted:":"true", "version":"1696817211909"}}
{"logTime": "1101/145526", "correlationVector":"0V4pTHTy8LrlntEUSiUXxK.9","action":"GetUpdates", "result":"DeleteReceived", "context":{"id":"72e8aa77-e505-41f0-9bab-26898e467d73", "isDeleted:":"true", "version":"1696817211910"}}
{"logTime": "1101/145526", "correlationVector":"0V4pTHTy8LrlntEUSiUXxK.10","action":"GetUpdates", "result":"DeleteReceived", "context":{"id":"eae90f81-4f74-4da5-87b2-1b6568529a00", "isDeleted:":"true", "version":"1698284811295"}}
{"logTime": "1101/145526", "correlationVector":"0V4pTHTy8LrlntEUSiUXxK.11","action":"GetUpdates", "result":"DeleteReceived", "context":{"id":"81411a69-5019-4adc-bce3-12110247aee0", "isDeleted:":"true", "version":"1698284811296"}}
{"logTime": "1101/145526", "correlationVector":"0V4pTHTy8LrlntEUSiUXxK.12","action":"GetUpdates", "result":"DeleteReceived", "context":{"id":"7e05558f-4441-497b-91e7-ecdf64a5cad4", "isDeleted:":"true", "version":"1691322266583"}}
{"logTime": "1101/145526", "correlationVector":"0V4pTHTy8LrlntEUSiUXxK.13","action":"GetUpdates", "result":"DeleteReceived", "context":{"id":"43084e20-614e-4bd7-82e0-e4fbdd003e66", "isDeleted:":"true", "version":"1691457069658"}}
{"logTime": "1101/145526", "correlationVector":"0V4pTHTy8LrlntEUSiUXxK.14","action":"GetUpdates", "result":"DeleteReceived", "context":{"id":"55df7876-dce2-45ff-ba2a-893d352a789f", "isDeleted:":"true", "version":"1691457493148"}}
{"logTime": "1101/145526", "correlationVector":"0V4pTHTy8LrlntEUSiUXxK.15","action":"GetUpdates", "result":"DeleteReceived", "context":{"id":"e4c2c532-b5bb-41ab-93df-5092f5c72406", "isDeleted:":"true", "version":"1691457493151"}}
{"logTime": "1101/145526", "correlationVector":"0V4pTHTy8LrlntEUSiUXxK.16","action":"GetUpdates", "result":"DeleteReceived", "context":{"id":"bbec2437-5699-4cfd-b0ac-fec04b61dfe4", "isDeleted:":"true", "version":"1691458521516"}}
{"logTime": "1101/145526", "correlationVector":"0V4pTHTy8LrlntEUSiUXxK.17","action":"GetUpdates", "result":"DeleteReceived", "context":{"id":"bfbdcd10-f2fa-449d-a782-fc72e847107e", "isDeleted:":"true", "version":"1691458521517"}}
{"logTime": "1101/145526", "correlationVector":"0V4pTHTy8LrlntEUSiUXxK.18","action":"GetUpdates", "result":"DeleteReceived", "context":{"id":"10a7507f-28c0-4040-879b-a6b3115ef748", "isDeleted:":"true", "version":"1691847193431"}}
{"logTime": "1101/145527", "correlationVector":"0V4pTHTy8LrlntEUSiUXxK.19","action":"GetUpdates", "result":"DeleteReceived", "context":{"id":"12320ab1-1cff-49c2-88b3-0a9ae66e8ee8", "isDeleted:":"true", "version":"1691847193432"}}
{"logTime": "1101/145527", "correlationVector":"0V4pTHTy8LrlntEUSiUXxK.20","action":"GetUpdates", "result":"DeleteReceived", "context":{"id":"db5c547c-d9df-4bbf-8b60-b7e4c2725cfa", "isDeleted:":"true", "version":"1691924881140"}}
{"logTime": "1101/145527", "correlationVector":"0V4pTHTy8LrlntEUSiUXxK.21","action":"GetUpdates", "result":"DeleteReceived", "context":{"id":"05eb6cca-159b-40eb-ad2d-9c9d01fdd527", "isDeleted:":"true", "version":"1691989624661"}}
{"logTime": "1101/145527", "correlationVector":"0V4pTHTy8LrlntEUSiUXxK.22","action":"GetUpdates", "result":"DeleteReceived", "context":{"id":"ea8c9de5-50fa-4d22-9f63-fbebba2ff271", "isDeleted:":"true", "version":"1692344749149"}}
{"logTime": "1101/145527", "correlationVector":"0V4pTHTy8LrlntEUSiUXxK.23","action":"GetUpdates", "result":"DeleteReceived", "context":{"id":"3ac9749f-5900-4aed-96a7-bd6f17375abc", "isDeleted:":"true", "version":"1692410514230"}}
{"logTime": "1101/145528", "correlationVector":"0V4pTHTy8LrlntEUSiUXxK.24","action":"GetUpdates", "result":"DeleteReceived", "context":{"id":"162f3730-df7b-40ab-8a62-060f0e119885", "isDeleted:":"true", "version":"1692490085326"}}
{"logTime": "1101/145529", "correlationVector":"0V4pTHTy8LrlntEUSiUXxK.25","action":"GetUpdates", "result":"DeleteReceived", "context":{"id":"db53685a-8a32-4ac6-a13e-b7f52e32a111", "isDeleted:":"true", "version":"1692532419930"}}
{"logTime": "1101/145529", "correlationVector":"0V4pTHTy8LrlntEUSiUXxK.26","action":"GetUpdates", "result":"DeleteReceived", "context":{"id":"4cc9da0e-1e18-431f-9cbb-6495d05c69bb", "isDeleted:":"true", "version":"1692890333345"}}
{"logTime": "1101/145529", "correlationVector":"0V4pTHTy8LrlntEUSiUXxK.27","action":"GetUpdates", "result":"DeleteReceived", "context":{"id":"b43696e3-4115-4743-b48a-22177135e35b", "isDeleted:":"true", "version":"1693145340636"}}
{"logTime": "1101/145529", "correlationVector":"0V4pTHTy8LrlntEUSiUXxK.28","action":"GetUpdates", "result":"DeleteReceived", "context":{"id":"c1f4d97a-87be-427f-a399-1743396d4b1f", "isDeleted:":"true", "version":"1693145340637"}}
{"logTime": "1101/145529", "correlationVector":"0V4pTHTy8LrlntEUSiUXxK.29","action":"GetUpdates", "result":"DeleteReceived", "context":{"id":"48a52614-ab35-417e-a4fb-c6b4909467a2", "isDeleted:":"true", "version":"1695021818912"}}
{"logTime": "1101/145529", "correlationVector":"0V4pTHTy8LrlntEUSiUXxK.30","action":"GetUpdates", "result":"DeleteReceived", "context":{"id":"9604534d-99fc-4c84-9bc1-dae4b5ca5f40", "isDeleted:":"true", "version":"1695021859036"}}
{"logTime": "1101/145529", "correlationVector":"0V4pTHTy8LrlntEUSiUXxK.31","action":"GetUpdates", "result":"DeleteReceived", "context":{"id":"ec9ed42b-b9ec-4718-939f-01b87264d0a5", "isDeleted:":"true", "version":"1695108228178"}}
{"logTime": "1101/145529", "correlationVector":"0V4pTHTy8LrlntEUSiUXxK.32","action":"GetUpdates", "result":"DeleteReceived", "context":{"id":"a668f034-eaa1-4bf4-9404-f837c4aa22a2", "isDeleted:":"true", "version":"1697414599180"}}
{"logTime": "1101/145529", "correlationVector":"0V4pTHTy8LrlntEUSiUXxK.33","action":"GetUpdates", "result":"DeleteReceived", "context":{"id":"635106d5-cc2f-455c-a861-639160797eda", "isDeleted:":"true", "version":"1697894256971"}}
{"logTime": "1101/145529", "correlationVector":"0V4pTHTy8LrlntEUSiUXxK.34","action":"GetUpdates", "result":"DeleteReceived", "context":{"id":"3361d835-522d-415b-b35b-9f216e0fb5b8", "isDeleted:":"true", "version":"1697896817188"}}
{"logTime": "1101/145529", "correlationVector":"0V4pTHTy8LrlntEUSiUXxK.35","action":"GetUpdates", "result":"DeleteReceived", "context":{"id":"adc624ea-7c71-46f1-808d-46761d0f7769", "isDeleted:":"true", "version":"1698208272168"}}
{"logTime": "1101/145529", "correlationVector":"0V4pTHTy8LrlntEUSiUXxK.36","action":"GetUpdates", "result":"DeleteReceived", "context":{"id":"e896eae2-a0e7-40a1-af36-e19182c573d6", "isDeleted:":"true", "version":"1698284935258"}}
{"logTime": "1101/145529", "correlationVector":"0V4pTHTy8LrlntEUSiUXxK.37","action":"GetUpdates", "result":"DeleteReceived", "context":{"id":"3ee5fd63-7943-4ef6-8bd7-e74cd39df626", "isDeleted:":"true", "version":"1698321276012"}}
{"logTime": "1101/145529", "correlationVector":"0V4pTHTy8LrlntEUSiUXxK.38","action":"GetUpdates Response", "result":"SYNCER_OK", "context":Received 153 update(s). cV=0V4pTHTy8LrlntEUSiUXxK.0;server=GENERAL0100000L;cloudType=Consumer;environment=Prod_SoutheastAsia_000j;migrationStage=NotStarted}
{"logTime": "1101/145529", "correlationVector":"i0oMR63gKwrnhGZEW9I72n","action":"Normal GetUpdate request", "result":"", "context":cV=i0oMR63gKwrnhGZEW9I72n
Nudged types: Bookmarks, Sessions, Device Info
Refresh requested types: Bookmarks, Preferences, Passwords, Autofill Profiles, Autofill, Autofill Custom Data, Typed URLs, Extensions, Sessions, Extension settings, History Delete Directives, Device Info, User Consents, Send Tab To Self, Web Apps, Collection, Edge E Drop, Edge Hub App Usage, Edge Wallet, Encryption Keys}
{"logTime": "1101/145529", "correlationVector":"i0oMR63gKwrnhGZEW9I72n.1","action":"SyncServerConnectionManagerRequest", "result":"SYNC_SERVER_OK", "context":{"environment":"Prod_SoutheastAsia_000j", "migrationStage":"NotStarted", "server":"GENERAL0100001C"}}
{"logTime": "1101/145529", "correlationVector":"i0oMR63gKwrnhGZEW9I72n.2","action":"GetUpdates Response", "result":"SYNCER_OK", "context":Received 0 update(s). cV=i0oMR63gKwrnhGZEW9I72n.0;server=GENERAL0100001C;cloudType=Consumer;environment=Prod_SoutheastAsia_000j;migrationStage=NotStarted}
{"logTime": "1101/145529", "correlationVector":"YllAOL5PI+ZuWtfd9YkIIr","action":"Commit Request", "result":"", "context":Item count: 1
Contributing types: Device Info}
{"logTime": "1101/145529", "correlationVector":"YllAOL5PI+ZuWtfd9YkIIr.1","action":"SyncServerConnectionManagerRequest", "result":"SYNC_SERVER_OK", "context":{"environment":"Prod_SoutheastAsia_000j", "migrationStage":"NotStarted", "server":"GENERAL01000017"}}
{"logTime": "1101/145529", "correlationVector":"YllAOL5PI+ZuWtfd9YkIIr.2","action":"Commit Response", "result":"SYNCER_OK", "context":Result: SYNCER_OK. cV=YllAOL5PI+ZuWtfd9YkIIr.0;server=GENERAL01000017;cloudType=Consumer;environment=Prod_SoutheastAsia_000j;migrationStage=NotStarted}
{"logTime": "1101/145529", "correlationVector":"uIzWu8pGiX7U0dS/aG73J+","action":"Commit Request", "result":"", "context":Item count: 5
Contributing types: Bookmarks, Sessions}
{"logTime": "1101/145530", "correlationVector":"uIzWu8pGiX7U0dS/aG73J+.1","action":"SyncServerConnectionManagerRequest", "result":"SYNC_SERVER_OK", "context":{"environment":"Prod_SoutheastAsia_000j", "migrationStage":"NotStarted", "server":"GENERAL0100001A"}}
{"logTime": "1101/145530", "correlationVector":"uIzWu8pGiX7U0dS/aG73J+.2","action":"Commit Response", "result":"SYNCER_OK", "context":Result: SYNCER_OK. cV=uIzWu8pGiX7U0dS/aG73J+.0;server=GENERAL0100001A;cloudType=Consumer;environment=Prod_SoutheastAsia_000j;migrationStage=NotStarted}
{"logTime": "1101/145535", "correlationVector":"Ke1UX4ZnGUxTnu2GTjP0n7","action":"Commit Request", "result":"", "context":Item count: 11
Contributing types: Passwords}
{"logTime": "1101/145536", "correlationVector":"Ke1UX4ZnGUxTnu2GTjP0n7.1","action":"SyncServerConnectionManagerRequest", "result":"SYNC_SERVER_OK", "context":{"environment":"Prod_SoutheastAsia_000j", "migrationStage":"NotStarted", "server":"GENERAL0100000X"}}
{"logTime": "1101/145536", "correlationVector":"Ke1UX4ZnGUxTnu2GTjP0n7.2","action":"Commit Response", "result":"SYNCER_OK", "context":Result: SYNCER_OK. cV=Ke1UX4ZnGUxTnu2GTjP0n7.0;server=GENERAL0100000X;cloudType=Consumer;environment=Prod_SoutheastAsia_000j;migrationStage=NotStarted}
{"logTime": "1101/145536", "correlationVector":"abyzc/Jkvy0ruPVsPk0N1w","action":"Commit Request", "result":"", "context":Item count: 1
Contributing types: Preferences}
{"logTime": "1101/145537", "correlationVector":"abyzc/Jkvy0ruPVsPk0N1w.1","action":"SyncServerConnectionManagerRequest", "result":"SYNC_SERVER_OK", "context":{"environment":"Prod_SoutheastAsia_000j", "migrationStage":"NotStarted", "server":"GENERAL01000007"}}
{"logTime": "1101/145537", "correlationVector":"abyzc/Jkvy0ruPVsPk0N1w.2","action":"Commit Response", "result":"SYNCER_OK", "context":Result: SYNCER_OK. cV=abyzc/Jkvy0ruPVsPk0N1w.0;server=GENERAL01000007;cloudType=Consumer;environment=Prod_SoutheastAsia_000j;migrationStage=NotStarted}
{"logTime": "1101/145611", "correlationVector":"jS8bL/PpmHtr8JVn4rKBGy","action":"Commit Request", "result":"", "context":Item count: 1
Contributing types: Sessions}
{"logTime": "1101/145611", "correlationVector":"jS8bL/PpmHtr8JVn4rKBGy.1","action":"SyncServerConnectionManagerRequest", "result":"SYNC_SERVER_OK", "context":{"environment":"Prod_SoutheastAsia_000j", "migrationStage":"NotStarted", "server":"GENERAL0100000B"}}
{"logTime": "1101/145611", "correlationVector":"jS8bL/PpmHtr8JVn4rKBGy.2","action":"Commit Response", "result":"SYNCER_OK", "context":Result: SYNCER_OK. cV=jS8bL/PpmHtr8JVn4rKBGy.0;server=GENERAL0100000B;cloudType=Consumer;environment=Prod_SoutheastAsia_000j;migrationStage=NotStarted}
{"logTime": "1101/145905", "correlationVector":"vpFT1wQudKyMH4p6kd/Xor.0","action":"FeedSettingFetch_homeCloud", "result":"0", "context":{}}
{"logTime": "1101/145905", "correlationVector":"vpFT1wQudKyMH4p6kd/Xor.0","action":"SyncServerConnectionManagerRequest", "result":"SYNC_SERVER_OK", "context":{"environment":"", "migrationStage":"", "server":""}}
{"logTime": "1101/145905", "correlationVector":"U6SbxiSDZ/zTm5kmL4Cty9.1","action":"SyncServerConnectionManagerRequest", "result":"SYNC_SERVER_OK", "context":{"environment":"Prod_SoutheastAsia_000j", "migrationStage":"NotStarted", "server":"GENERAL0100001H"}}
{"logTime": "1101/145905", "correlationVector":"U6SbxiSDZ/zTm5kmL4Cty9","action":"Initial GetUpdates", "result":"", "context":Reason: NEW_CLIENT. cV=U6SbxiSDZ/zTm5kmL4Cty9}
{"logTime": "1101/145905", "correlationVector":"U6SbxiSDZ/zTm5kmL4Cty9.2","action":"GetUpdates Response", "result":"SYNCER_OK", "context":Received 1 update(s). cV=U6SbxiSDZ/zTm5kmL4Cty9.0;server=GENERAL0100001H;cloudType=Consumer;environment=Prod_SoutheastAsia_000j;migrationStage=NotStarted}
{"logTime": "1101/145905", "correlationVector":"PqyvD9S/T7YL6yHqVmtqVl","action":"Initial GetUpdates", "result":"", "context":Reason: NEWLY_SUPPORTED_DATATYPE. cV=PqyvD9S/T7YL6yHqVmtqVl}
{"logTime": "1101/145905", "correlationVector":"PqyvD9S/T7YL6yHqVmtqVl.1","action":"SyncServerConnectionManagerRequest", "result":"SYNC_SERVER_OK", "context":{"environment":"Prod_SoutheastAsia_000j", "migrationStage":"NotStarted", "server":"GENERAL01000002"}}
{"logTime": "1101/145905", "correlationVector":"PqyvD9S/T7YL6yHqVmtqVl.2","action":"GetUpdates", "result":"DeleteReceived", "context":{"id":"286749cf-b1e5-4b43-b817-b815b6087b7a", "isDeleted:":"true", "version":"1691456668764"}}
{"logTime": "1101/145905", "correlationVector":"PqyvD9S/T7YL6yHqVmtqVl.3","action":"GetUpdates Response", "result":"SYNCER_OK", "context":Received 30 update(s). cV=PqyvD9S/T7YL6yHqVmtqVl.0;server=GENERAL01000002;cloudType=Consumer;environment=Prod_SoutheastAsia_000j;migrationStage=NotStarted}
{"logTime": "1101/145905", "correlationVector":"D5+hGmCmLPjvRxxA0dAHuq","action":"Normal GetUpdate request", "result":"", "context":cV=D5+hGmCmLPjvRxxA0dAHuq
Nudged types: Sessions, User Consents
Refresh requested types: Bookmarks, Preferences, Passwords, Autofill Profiles, Autofill, Autofill Custom Data, Typed URLs, Extensions, Sessions, Extension settings, History Delete Directives, Device Info, User Consents, Send Tab To Self, Web Apps, Collection, Edge E Drop, Edge Hub App Usage, Edge Wallet, Encryption Keys}
{"logTime": "1101/145905", "correlationVector":"D5+hGmCmLPjvRxxA0dAHuq.1","action":"SyncServerConnectionManagerRequest", "result":"SYNC_SERVER_OK", "context":{"environment":"Prod_SoutheastAsia_000j", "migrationStage":"NotStarted", "server":"GENERAL0100000L"}}
{"logTime": "1101/145905", "correlationVector":"D5+hGmCmLPjvRxxA0dAHuq.2","action":"GetUpdates Response", "result":"SYNCER_OK", "context":Received 7 update(s). cV=D5+hGmCmLPjvRxxA0dAHuq.0;server=GENERAL0100000L;cloudType=Consumer;environment=Prod_SoutheastAsia_000j;migrationStage=NotStarted}
{"logTime": "1101/145905", "correlationVector":"DtSAadcQOAk2N6kUf/XiSL","action":"Commit Request", "result":"", "context":Item count: 4
Contributing types: Sessions, User Consents}
{"logTime": "1101/145905", "correlationVector":"DtSAadcQOAk2N6kUf/XiSL.1","action":"SyncServerConnectionManagerRequest", "result":"SYNC_SERVER_OK", "context":{"environment":"Prod_SoutheastAsia_000j", "migrationStage":"NotStarted", "server":"GENERAL01000007"}}
{"logTime": "1101/145905", "correlationVector":"DtSAadcQOAk2N6kUf/XiSL.2","action":"Commit Response", "result":"SYNCER_OK", "context":Result: SYNCER_OK. cV=DtSAadcQOAk2N6kUf/XiSL.0;server=GENERAL01000007;cloudType=Consumer;environment=Prod_SoutheastAsia_000j;migrationStage=NotStarted}
{"logTime": "1101/145905", "correlationVector":"DtSAadcQOAk2N6kUf/XiSL.3","action":"Commit.Sessions", "result":"Success", "context":{"id":"68f2fa1f-851a-4e2f-b772-36fc7ccdef87", "isDeleted":"true", "size":"0", "version":"1698850712599"}}
{"logTime": "1101/145921", "correlationVector":"JPGonh8ymgWoK5PvVfpfiw","action":"Normal GetUpdate request", "result":"", "context":cV=JPGonh8ymgWoK5PvVfpfiw
Nudged types: Sessions}
{"logTime": "1101/145921", "correlationVector":"JPGonh8ymgWoK5PvVfpfiw.1","action":"SyncServerConnectionManagerRequest", "result":"SYNC_SERVER_OK", "context":{"environment":"Prod_SoutheastAsia_000j", "migrationStage":"NotStarted", "server":"GENERAL0100000K"}}
{"logTime": "1101/145921", "correlationVector":"JPGonh8ymgWoK5PvVfpfiw.2","action":"GetUpdates", "result":"DeleteReceived", "context":{"id":"68f2fa1f-851a-4e2f-b772-36fc7ccdef87", "isDeleted:":"true", "version":"1698850871818"}}
{"logTime": "1101/145921", "correlationVector":"JPGonh8ymgWoK5PvVfpfiw.3","action":"GetUpdates Response", "result":"SYNCER_OK", "context":Received 3 update(s). cV=JPGonh8ymgWoK5PvVfpfiw.0;server=GENERAL0100000K;cloudType=Consumer;environment=Prod_SoutheastAsia_000j;migrationStage=NotStarted}
{"logTime": "1101/145921", "correlationVector":"e1jxG08+o/mSIAa42Odryc","action":"Commit Request", "result":"", "context":Item count: 1
Contributing types: Sessions}
{"logTime": "1101/145921", "correlationVector":"e1jxG08+o/mSIAa42Odryc.1","action":"SyncServerConnectionManagerRequest", "result":"SYNC_SERVER_OK", "context":{"environment":"Prod_SoutheastAsia_000j", "migrationStage":"NotStarted", "server":"GENERAL0100001A"}}
{"logTime": "1101/145921", "correlationVector":"e1jxG08+o/mSIAa42Odryc.2","action":"Commit Response", "result":"SYNCER_OK", "context":Result: SYNCER_OK. cV=e1jxG08+o/mSIAa42Odryc.0;server=GENERAL0100001A;cloudType=Consumer;environment=Prod_SoutheastAsia_000j;migrationStage=NotStarted}
{"logTime": "1101/150023", "correlationVector":"5iecCDqKSenxVDG5d/AOsF","action":"Commit Request", "result":"", "context":Item count: 1
Contributing types: Sessions}
{"logTime": "1101/150023", "correlationVector":"5iecCDqKSenxVDG5d/AOsF.1","action":"SyncServerConnectionManagerRequest", "result":"SYNC_SERVER_OK", "context":{"environment":"Prod_SoutheastAsia_000j", "migrationStage":"NotStarted", "server":"GENERAL0100000D"}}
{"logTime": "1101/150023", "correlationVector":"5iecCDqKSenxVDG5d/AOsF.2","action":"Commit Response", "result":"SYNCER_OK", "context":Result: SYNCER_OK. cV=5iecCDqKSenxVDG5d/AOsF.0;server=GENERAL0100000D;cloudType=Consumer;environment=Prod_SoutheastAsia_000j;migrationStage=NotStarted}
{"logTime": "1101/150100", "correlationVector":"KnUEl2Kzw3k5syHlfYFQn6","action":"Commit Request", "result":"", "context":Item count: 1
Contributing types: Sessions}
{"logTime": "1101/150100", "correlationVector":"KnUEl2Kzw3k5syHlfYFQn6.1","action":"SyncServerConnectionManagerRequest", "result":"SYNC_SERVER_OK", "context":{"environment":"Prod_SoutheastAsia_000j", "migrationStage":"NotStarted", "server":"GENERAL01000003"}}
{"logTime": "1101/150100", "correlationVector":"KnUEl2Kzw3k5syHlfYFQn6.2","action":"Commit Response", "result":"SYNCER_OK", "context":Result: SYNCER_OK. cV=KnUEl2Kzw3k5syHlfYFQn6.0;server=GENERAL01000003;cloudType=Consumer;environment=Prod_SoutheastAsia_000j;migrationStage=NotStarted}
{"logTime": "1101/150134", "correlationVector":"VWitwT/G3eSuILLjes8wSW","action":"Commit Request", "result":"", "context":Item count: 1
Contributing types: Sessions}
{"logTime": "1101/150134", "correlationVector":"VWitwT/G3eSuILLjes8wSW.1","action":"SyncServerConnectionManagerRequest", "result":"SYNC_SERVER_OK", "context":{"environment":"Prod_SoutheastAsia_000j", "migrationStage":"NotStarted", "server":"GENERAL01000006"}}
{"logTime": "1101/150134", "correlationVector":"VWitwT/G3eSuILLjes8wSW.2","action":"Commit Response", "result":"SYNCER_OK", "context":Result: SYNCER_OK. cV=VWitwT/G3eSuILLjes8wSW.0;server=GENERAL01000006;cloudType=Consumer;environment=Prod_SoutheastAsia_000j;migrationStage=NotStarted}
{"logTime": "1101/150204", "correlationVector":"PX+wM+8Jj0W7U2oDmT5Ijm","action":"Commit Request", "result":"", "context":Item count: 1
Contributing types: Sessions}
{"logTime": "1101/150205", "correlationVector":"PX+wM+8Jj0W7U2oDmT5Ijm.1","action":"SyncServerConnectionManagerRequest", "result":"SYNC_SERVER_OK", "context":{"environment":"Prod_SoutheastAsia_000j", "migrationStage":"NotStarted", "server":"GENERAL01000008"}}
{"logTime": "1101/150205", "correlationVector":"PX+wM+8Jj0W7U2oDmT5Ijm.2","action":"Commit Response", "result":"SYNCER_OK", "context":Result: SYNCER_OK. cV=PX+wM+8Jj0W7U2oDmT5Ijm.0;server=GENERAL01000008;cloudType=Consumer;environment=Prod_SoutheastAsia_000j;migrationStage=NotStarted}
{"logTime": "1101/150237", "correlationVector":"eF4YJilmEmHiU9mjdlkkM1","action":"Commit Request", "result":"", "context":Item count: 1
Contributing types: Sessions}
{"logTime": "1101/150238", "correlationVector":"eF4YJilmEmHiU9mjdlkkM1.1","action":"SyncServerConnectionManagerRequest", "result":"SYNC_SERVER_OK", "context":{"environment":"Prod_SoutheastAsia_000j", "migrationStage":"NotStarted", "server":"GENERAL0100000B"}}
{"logTime": "1101/150238", "correlationVector":"eF4YJilmEmHiU9mjdlkkM1.2","action":"Commit Response", "result":"SYNCER_OK", "context":Result: SYNCER_OK. cV=eF4YJilmEmHiU9mjdlkkM1.0;server=GENERAL0100000B;cloudType=Consumer;environment=Prod_SoutheastAsia_000j;migrationStage=NotStarted}
